java.lang.RuntimeException: java.lang.IllegalArgumentException: minued must not be smaller than subtrahend
	at org.libreplan.web.workreports.WorkReportCRUDController.save(WorkReportCRUDController.java:264)
	at org.libreplan.web.workreports.WorkReportCRUDController.saveAndContinue(WorkReportCRUDController.java:247)
	at sun.reflect.NativeMethodAccessorImpl.invoke0(Native Method)
	at sun.reflect.NativeMethodAccessorImpl.invoke(NativeMethodAccessorImpl.java:57)
	at sun.reflect.DelegatingMethodAccessorImpl.invoke(DelegatingMethodAccessorImpl.java:43)
	at java.lang.reflect.Method.invoke(Method.java:616)
	at bsh.Reflect.invokeMethod(Unknown Source)
	at bsh.Reflect.invokeObjectMethod(Unknown Source)
	at bsh.Name.invokeMethod(Unknown Source)
	at bsh.BSHMethodInvocation.eval(Unknown Source)
	at bsh.BSHPrimaryExpression.eval(Unknown Source)
	at bsh.BSHPrimaryExpression.eval(Unknown Source)
	at bsh.Interpreter.eval(Unknown Source)
	at bsh.Interpreter.eval(Unknown Source)
	at org.zkoss.zk.scripting.bsh.BSHInterpreter.exec(BSHInterpreter.java:134)
	at org.zkoss.zk.scripting.util.GenericInterpreter.interpret(GenericInterpreter.java:341)
	at org.zkoss.zk.ui.impl.PageImpl.interpret(PageImpl.java:876)
	at org.zkoss.zk.ui.impl.EventProcessor.process0(EventProcessor.java:180)
	at org.zkoss.zk.ui.impl.EventProcessor.process(EventProcessor.java:138)
	at org.zkoss.zk.ui.impl.EventProcessingThreadImpl.process0(EventProcessingThreadImpl.java:517)
	at org.zkoss.zk.ui.impl.EventProcessingThreadImpl.run(EventProcessingThreadImpl.java:444)
Caused by: java.lang.IllegalArgumentException: minued must not be smaller than subtrahend
	at org.apache.commons.lang.Validate.isTrue(Validate.java:157)
	at org.libreplan.business.workingday.EffortDuration.minus(EffortDuration.java:309)
	at org.libreplan.business.orders.entities.SumChargedEffort.subtractDirectChargedEffort(SumChargedEffort.java:52)
	at org.libreplan.business.orders.daos.OrderElementDAO.updateRelatedSumChargedEffortWithDeletedWorkReportLine(OrderElementDAO.java:494)
	at org.libreplan.business.orders.daos.OrderElementDAO.updateRelatedSumChargedEffortWithDeletedWorkReportLineSet(OrderElementDAO.java:548)
	at sun.reflect.GeneratedMethodAccessor2606.invoke(Unknown Source)
	at sun.reflect.DelegatingMethodAccessorImpl.invoke(DelegatingMethodAccessorImpl.java:43)
	at java.lang.reflect.Method.invoke(Method.java:616)
	at org.springframework.aop.support.AopUtils.invokeJoinpointUsingReflection(AopUtils.java:307)
	at org.springframework.aop.framework.ReflectiveMethodInvocation.invokeJoinpoint(ReflectiveMethodInvocation.java:182)
	at org.springframework.aop.framework.ReflectiveMethodInvocation.proceed(ReflectiveMethodInvocation.java:149)
	at org.springframework.dao.support.PersistenceExceptionTranslationInterceptor.invoke(PersistenceExceptionTranslationInterceptor.java:138)
	at org.springframework.aop.framework.ReflectiveMethodInvocation.proceed(ReflectiveMethodInvocation.java:171)
	at org.springframework.transaction.interceptor.TransactionInterceptor.invoke(TransactionInterceptor.java:106)
	at org.springframework.aop.framework.ReflectiveMethodInvocation.proceed(ReflectiveMethodInvocation.java:171)
	at org.springframework.aop.framework.JdkDynamicAopProxy.invoke(JdkDynamicAopProxy.java:204)
	at $Proxy79.updateRelatedSumChargedEffortWithDeletedWorkReportLineSet(Unknown Source)
	at org.libreplan.web.workreports.WorkReportModel.confirmSave(WorkReportModel.java:285)
	at sun.reflect.GeneratedMethodAccessor2617.invoke(Unknown Source)
	at sun.reflect.DelegatingMethodAccessorImpl.invoke(DelegatingMethodAccessorImpl.java:43)
	at java.lang.reflect.Method.invoke(Method.java:616)
	at org.springframework.aop.support.AopUtils.invokeJoinpointUsingReflection(AopUtils.java:307)
	at org.springframework.aop.framework.ReflectiveMethodInvocation.invokeJoinpoint(ReflectiveMethodInvocation.java:182)
	at org.springframework.aop.framework.ReflectiveMethodInvocation.proceed(ReflectiveMethodInvocation.java:149)
	at org.springframework.transaction.interceptor.TransactionInterceptor.invoke(TransactionInterceptor.java:106)
	at org.springframework.aop.framework.ReflectiveMethodInvocation.proceed(ReflectiveMethodInvocation.java:171)
	at org.springframework.aop.aspectj.MethodInvocationProceedingJoinPoint.proceed(MethodInvocationProceedingJoinPoint.java:88)
	at org.libreplan.web.common.concurrentdetection.ConcurrentModificationHandling.whenConcurrentModification(ConcurrentModificationHandling.java:100)
	at sun.reflect.GeneratedMethodAccessor111.invoke(Unknown Source)
	at sun.reflect.DelegatingMethodAccessorImpl.invoke(DelegatingMethodAccessorImpl.java:43)
	at java.lang.reflect.Method.invoke(Method.java:616)
	at org.springframework.aop.aspectj.AbstractAspectJAdvice.invokeAdviceMethodWithGivenArgs(AbstractAspectJAdvice.java:627)
	at org.springframework.aop.aspectj.AbstractAspectJAdvice.invokeAdviceMethod(AbstractAspectJAdvice.java:616)
	at org.springframework.aop.aspectj.AspectJAroundAdvice.invoke(AspectJAroundAdvice.java:64)
	at org.springframework.aop.framework.ReflectiveMethodInvocation.proceed(ReflectiveMethodInvocation.java:160)
	at org.springframework.aop.interceptor.ExposeInvocationInterceptor.invoke(ExposeInvocationInterceptor.java:89)
	at org.springframework.aop.framework.ReflectiveMethodInvocation.proceed(ReflectiveMethodInvocation.java:171)
	at org.springframework.aop.framework.JdkDynamicAopProxy.invoke(JdkDynamicAopProxy.java:204)
	at $Proxy163.confirmSave(Unknown Source)
	at org.libreplan.web.workreports.WorkReportCRUDController.save(WorkReportCRUDController.java:256)
	... 20 more

